<?xml version="1.0" encoding="UTF-8"?>
<testng-results ignored="0" total="1" passed="1" failed="0" skipped="0">
  <reporter-output>
  </reporter-output>
  <suite started-at="2024-06-24T13:50:40 IST" name="Default suite" finished-at="2024-06-24T13:50:44 IST" duration-ms="3572">
    <groups>
    </groups>
    <test started-at="2024-06-24T13:50:40 IST" name="Default test" finished-at="2024-06-24T13:50:44 IST" duration-ms="3572">
      <class name="com.adactinhotelapp.qa.test.LoginPageTest">
        <test-method is-config="true" signature="startApp()[pri:0, instance:com.adactinhotelapp.qa.test.LoginPageTest@222545dc]" started-at="2024-06-24T13:50:33 IST" name="startApp" finished-at="2024-06-24T13:50:40 IST" duration-ms="7039" status="PASS">
          <reporter-output>
          </reporter-output>
        </test-method> <!-- startApp -->
        <test-method is-config="true" signature="setFileName()[pri:0, instance:com.adactinhotelapp.qa.test.LoginPageTest@222545dc]" started-at="2024-06-24T13:50:40 IST" name="setFileName" finished-at="2024-06-24T13:50:40 IST" duration-ms="1" status="PASS">
          <reporter-output>
          </reporter-output>
        </test-method> <!-- setFileName -->
        <test-method signature="loginTest([Ljava.lang.String;)[pri:0, instance:com.adactinhotelapp.qa.test.LoginPageTest@222545dc]" started-at="2024-06-24T13:50:41 IST" name="loginTest" data-provider="loginData" finished-at="2024-06-24T13:50:44 IST" duration-ms="2655" status="PASS">
          <params>
            <param index="0">
              <value>
                <![CDATA[[Ljava.lang.String;@64aad6db]]>
              </value>
            </param>
          </params>
          <reporter-output>
          </reporter-output>
        </test-method> <!-- loginTest -->
        <test-method is-config="true" signature="closeApp()[pri:0, instance:com.adactinhotelapp.qa.test.LoginPageTest@222545dc]" started-at="2024-06-24T13:50:44 IST" name="closeApp" finished-at="2024-06-24T13:50:44 IST" duration-ms="187" status="PASS">
          <reporter-output>
          </reporter-output>
        </test-method> <!-- closeApp -->
      </class> <!-- com.adactinhotelapp.qa.test.LoginPageTest -->
    </test> <!-- Default test -->
  </suite> <!-- Default suite -->
</testng-results>
