<?xml version="1.0" encoding="UTF-8"?>
<!-- Generated by org.testng.reporters.JUnitXMLReporter -->
<testsuite ignored="8" hostname="ARUNACHALAM" failures="0" tests="5" name="Test" time="16.421" errors="0" timestamp="2024-06-24T13:34:33 IST">
  <testcase classname="com.adactinhotelapp.qa.test.LoginPageTest" name="loginTest" time="2.434"/>
  <testcase classname="com.adactinhotelapp.qa.test.SearchHotelPageTest" name="searchHotelTest" time="2.833"/>
  <testcase classname="com.adactinhotelapp.qa.test.SelectHotelPageTest" name="selectHotelTest" time="1.05"/>
  <testcase classname="com.adactinhotelapp.qa.test.BookAHotelPageTest" name="BookAHotelTest" time="2.137"/>
  <testcase classname="com.adactinhotelapp.qa.test.BookingConfirmationPageTest" name="BookingConfirmationTest" time="6.169"/>
  <testcase classname="base.AdactinHotelAppBase" name="@AfterSuite closeApp" time="0.0">
    <ignored/>
  </testcase> <!-- @AfterSuite closeApp -->
  <testcase classname="base.AdactinHotelAppBase" name="@AfterSuite closeApp" time="0.0">
    <ignored/>
  </testcase> <!-- @AfterSuite closeApp -->
  <testcase classname="base.AdactinHotelAppBase" name="@AfterSuite closeApp" time="0.0">
    <ignored/>
  </testcase> <!-- @AfterSuite closeApp -->
  <testcase classname="base.AdactinHotelAppBase" name="@AfterSuite closeApp" time="0.0">
    <ignored/>
  </testcase> <!-- @AfterSuite closeApp -->
  <testcase classname="base.AdactinHotelAppBase" name="@BeforeSuite startApp" time="0.0">
    <ignored/>
  </testcase> <!-- @BeforeSuite startApp -->
  <testcase classname="base.AdactinHotelAppBase" name="@BeforeSuite startApp" time="0.0">
    <ignored/>
  </testcase> <!-- @BeforeSuite startApp -->
  <testcase classname="base.AdactinHotelAppBase" name="@BeforeSuite startApp" time="0.0">
    <ignored/>
  </testcase> <!-- @BeforeSuite startApp -->
  <testcase classname="base.AdactinHotelAppBase" name="@BeforeSuite startApp" time="0.0">
    <ignored/>
  </testcase> <!-- @BeforeSuite startApp -->
</testsuite> <!-- Test -->
